Using pre-set license
Built from '2020.3/staging' branch; Version is '2020.3.16f1 (049d6eca3c44) revision 302446'; Using compiler version '192528614'; Build Type 'Release'
OS: 'Windows 10 Pro; OS build 19042.1348; Version 2009; 64bit' Language: 'en' Physical Memory: 7981 MB
BatchMode: 1, IsHumanControllingUs: 0, StartBugReporterOnCrash: 0, Is64bit: 1, IsPro: 0

 COMMAND LINE ARGUMENTS:
C:\Program Files\Unity\Hub\Editor\2020.3.16f1\Editor\Unity.exe
-adb2
-batchMode
-noUpm
-name
AssetImportWorker0
-projectPath
C:/Users/ZinnZ/Desktop/Ceyhun/Mesh-Clipping
-logFile
Logs/AssetImportWorker0.log
-srvPort
51919
Successfully changed project path to: C:/Users/ZinnZ/Desktop/Ceyhun/Mesh-Clipping
C:/Users/ZinnZ/Desktop/Ceyhun/Mesh-Clipping
Using Asset Import Pipeline V2.
Refreshing native plugins compatible for Editor in 63.31 ms, found 5 plugins.
Preloading 0 native plugins for Editor in 0.00 ms.
Initialize engine version: 2020.3.16f1 (049d6eca3c44)
[Subsystems] Discovering subsystems at path C:/Program Files/Unity/Hub/Editor/2020.3.16f1/Editor/Data/Resources/UnitySubsystems
[Subsystems] Discovering subsystems at path C:/Users/ZinnZ/Desktop/Ceyhun/Mesh-Clipping/Assets
GfxDevice: creating device client; threaded=0
Direct3D:
    Version:  Direct3D 11.0 [level 11.1]
    Renderer: NVIDIA GeForce GTX 1650 Ti (ID=0x1f95)
    Vendor:   
    VRAM:     3962 MB
    Driver:   30.0.14.7141
Shader 'Universal Render Pipeline/Particles/Lit': fallback shader 'Universal Render Pipeline/Particles/SimpleLit' not found
Initialize mono
Mono path[0] = 'C:/Program Files/Unity/Hub/Editor/2020.3.16f1/Editor/Data/Managed'
Mono path[1] = 'C:/Program Files/Unity/Hub/Editor/2020.3.16f1/Editor/Data/MonoBleedingEdge/lib/mono/unityjit'
Mono config path = 'C:/Program Files/Unity/Hub/Editor/2020.3.16f1/Editor/Data/MonoBleedingEdge/etc'
Using monoOptions --debugger-agent=transport=dt_socket,embedding=1,server=y,suspend=n,address=127.0.0.1:56152
Begin MonoManager ReloadAssembly
Registering precompiled unity dll's ...
Register platform support module: C:/Program Files/Unity/Hub/Editor/2020.3.16f1/Editor/Data/PlaybackEngines/WindowsStandaloneSupport/UnityEditor.WindowsStandalone.Extensions.dll
Registered in 0.002994 seconds.
Native extension for WindowsStandalone target not found
Refreshing native plugins compatible for Editor in 49.30 ms, found 5 plugins.
Preloading 0 native plugins for Editor in 0.00 ms.
Mono: successfully reloaded assembly
- Completed reload, in  4.692 seconds
Domain Reload Profiling:
	ReloadAssembly (4693ms)
		BeginReloadAssembly (61ms)
			ExecutionOrderSort (0ms)
			DisableScriptedObjects (0ms)
			BackupInstance (0ms)
			ReleaseScriptingObjects (0ms)
			CreateAndSetChildDomain (2ms)
		EndReloadAssembly (428ms)
			LoadAssemblies (58ms)
			RebuildTransferFunctionScriptingTraits (1ms)
			SetupTypeCache (138ms)
			ReleaseScriptCaches (0ms)
			RebuildScriptCaches (28ms)
			SetupLoadedEditorAssemblies (182ms)
				LogAssemblyErrors (0ms)
				InitializePlatformSupportModulesInManaged (4ms)
				SetLoadedEditorAssemblies (0ms)
				RefreshPlugins (49ms)
				BeforeProcessingInitializeOnLoad (18ms)
				ProcessInitializeOnLoadAttributes (76ms)
				ProcessInitializeOnLoadMethodAttributes (32ms)
				AfterProcessingInitializeOnLoad (0ms)
				EditorAssembliesLoaded (1ms)
			ExecutionOrderSort2 (0ms)
			AwakeInstancesAfterBackupRestoration (0ms)
Platform modules already initialized, skipping
Registering precompiled user dll's ...
Registered in 0.016004 seconds.
Begin MonoManager ReloadAssembly
Native extension for WindowsStandalone target not found
Refreshing native plugins compatible for Editor in 49.71 ms, found 5 plugins.
Preloading 0 native plugins for Editor in 0.00 ms.
Mono: successfully reloaded assembly
- Completed reload, in  1.302 seconds
Domain Reload Profiling:
	ReloadAssembly (1304ms)
		BeginReloadAssembly (135ms)
			ExecutionOrderSort (0ms)
			DisableScriptedObjects (4ms)
			BackupInstance (0ms)
			ReleaseScriptingObjects (0ms)
			CreateAndSetChildDomain (17ms)
		EndReloadAssembly (1110ms)
			LoadAssemblies (253ms)
			RebuildTransferFunctionScriptingTraits (0ms)
			SetupTypeCache (294ms)
			ReleaseScriptCaches (1ms)
			RebuildScriptCaches (48ms)
			SetupLoadedEditorAssemblies (400ms)
				LogAssemblyErrors (0ms)
				InitializePlatformSupportModulesInManaged (4ms)
				SetLoadedEditorAssemblies (0ms)
				RefreshPlugins (50ms)
				BeforeProcessingInitializeOnLoad (83ms)
				ProcessInitializeOnLoadAttributes (252ms)
				ProcessInitializeOnLoadMethodAttributes (4ms)
				AfterProcessingInitializeOnLoad (7ms)
				EditorAssembliesLoaded (0ms)
			ExecutionOrderSort2 (0ms)
			AwakeInstancesAfterBackupRestoration (6ms)
Platform modules already initialized, skipping
========================================================================
Worker process is ready to serve import requests
Shader 'Universal Render Pipeline/Particles/Lit': fallback shader 'Universal Render Pipeline/Particles/SimpleLit' not found
Launched and connected shader compiler UnityShaderCompiler.exe after 0.06 seconds
Refreshing native plugins compatible for Editor in 0.67 ms, found 5 plugins.
Preloading 0 native plugins for Editor in 0.00 ms.
Unloading 3070 Unused Serialized files (Serialized files now loaded: 0)
System memory in use before: 133.6 MB.
System memory in use after: 133.8 MB.

Unloading 26 unused Assets to reduce memory usage. Loaded Objects now: 3501.
Total: 6.398300 ms (FindLiveObjects: 0.312700 ms CreateObjectMapping: 0.170900 ms MarkObjects: 5.636000 ms  DeleteObjects: 0.277300 ms)

AssetImportParameters requested are different than current active one (requested -> active):
  custom:framework-win-MediaFoundation: 216162199b28c13a410421893ffa2e32 -> 
  custom:video-decoder-ogg-theora: a1e56fd34408186e4bbccfd4996cb3dc -> 
  custom:container-muxer-webm: aa71ff27fc2769a1b78a27578f13a17b -> 
  custom:container-demuxer-webm: 4f35f7cbe854078d1ac9338744f61a02 -> 
  custom:container-demuxer-ogg: 62fdf1f143b41e24485cea50d1cbac27 -> 
  custom:video-encoder-webm-vp8: eb34c28f22e8b96e1ab97ce403110664 -> 
  custom:video-decoder-webm-vp8: 9c59270c3fd7afecdb556c50c9e8de78 -> 
  custom:audio-decoder-ogg-vorbis: bf7c407c2cedff20999df2af8eb42d56 -> 
  custom:audio-encoder-webm-vorbis: bf7c407c2cedff20999df2af8eb42d56 -> 
========================================================================
Received Import Request.
  path: Assets/_Mesh.asset
  artifactKey: Guid(4195f88cda9e72544b9566523677f3c6) Importer(815301076,1909f56bfc062723c751e8b465ee728b)
Start importing Assets/_Mesh.asset using Guid(4195f88cda9e72544b9566523677f3c6) Importer(815301076,1909f56bfc062723c751e8b465ee728b)  -> (artifact id: 'c06f21ba7e1c039ec254c488d18d6604') in 0.120017 seconds 
  Import took 0.125662 seconds .

========================================================================
Received Import Request.
  Time since last request: 102.538937 seconds.
  path: Assets/DelaunayTriangulation/Unity3d.PlaneTriangulator.csproj
  artifactKey: Guid(216ae9d5c0a67cb479621e5c53539583) Importer(815301076,1909f56bfc062723c751e8b465ee728b)
Start importing Assets/DelaunayTriangulation/Unity3d.PlaneTriangulator.csproj using Guid(216ae9d5c0a67cb479621e5c53539583) Importer(815301076,1909f56bfc062723c751e8b465ee728b)  -> (artifact id: 'ac075844f5221b380626701b4a5d038c') in 0.008331 seconds 
  Import took 0.015682 seconds .

========================================================================
Received Import Request.
  Time since last request: 0.006365 seconds.
  path: Assets/DelaunayTriangulation/Unity3d.PlaneTriangulator.csproj
  artifactKey: Guid(216ae9d5c0a67cb479621e5c53539583) Importer(815301076,1909f56bfc062723c751e8b465ee728b)
Start importing Assets/DelaunayTriangulation/Unity3d.PlaneTriangulator.csproj using Guid(216ae9d5c0a67cb479621e5c53539583) Importer(815301076,1909f56bfc062723c751e8b465ee728b)  -> (artifact id: 'ac075844f5221b380626701b4a5d038c') in 0.001968 seconds 
  Import took 0.007403 seconds .

========================================================================
Received Import Request.
  Time since last request: 13.385524 seconds.
  path: Assets/DelaunayTriangulation/TriangulationDataTypes
  artifactKey: Guid(0bb83ebadad69274aa25f8016afd4a45) Importer(815301076,1909f56bfc062723c751e8b465ee728b)
Start importing Assets/DelaunayTriangulation/TriangulationDataTypes using Guid(0bb83ebadad69274aa25f8016afd4a45) Importer(815301076,1909f56bfc062723c751e8b465ee728b)  -> (artifact id: '5ac370aa9290a95999a794010c9954d6') in 0.002186 seconds 
  Import took 0.007860 seconds .

========================================================================
Received Import Request.
  Time since last request: 0.001438 seconds.
  path: Assets/DelaunayTriangulation/TriangulationDataTypes
  artifactKey: Guid(0bb83ebadad69274aa25f8016afd4a45) Importer(815301076,1909f56bfc062723c751e8b465ee728b)
Start importing Assets/DelaunayTriangulation/TriangulationDataTypes using Guid(0bb83ebadad69274aa25f8016afd4a45) Importer(815301076,1909f56bfc062723c751e8b465ee728b)  -> (artifact id: '5ac370aa9290a95999a794010c9954d6') in 0.002465 seconds 
  Import took 0.007454 seconds .

========================================================================
Received Import Request.
  Time since last request: 0.737679 seconds.
  path: Assets/DelaunayTriangulation/TriangulationDataStructures
  artifactKey: Guid(419892749d2e75e46910a856f422795a) Importer(815301076,1909f56bfc062723c751e8b465ee728b)
Start importing Assets/DelaunayTriangulation/TriangulationDataStructures using Guid(419892749d2e75e46910a856f422795a) Importer(815301076,1909f56bfc062723c751e8b465ee728b)  -> (artifact id: 'f29ba9c78b99e686446e2971fb27a656') in 0.005143 seconds 
  Import took 0.018941 seconds .

========================================================================
Received Import Request.
  Time since last request: 14.914974 seconds.
  path: Assets/Scripts/Terrain
  artifactKey: Guid(9da133e1898cd3c4ba7c121b7b6c622b) Importer(815301076,1909f56bfc062723c751e8b465ee728b)
Start importing Assets/Scripts/Terrain using Guid(9da133e1898cd3c4ba7c121b7b6c622b) Importer(815301076,1909f56bfc062723c751e8b465ee728b)  -> (artifact id: '904ba64e7d1231f3c05fd4a94aacf1fb') in 0.003451 seconds 
  Import took 0.008960 seconds .

========================================================================
Received Import Request.
  Time since last request: 0.001218 seconds.
  path: Assets/Scripts/Terrain
  artifactKey: Guid(9da133e1898cd3c4ba7c121b7b6c622b) Importer(815301076,1909f56bfc062723c751e8b465ee728b)
Start importing Assets/Scripts/Terrain using Guid(9da133e1898cd3c4ba7c121b7b6c622b) Importer(815301076,1909f56bfc062723c751e8b465ee728b)  -> (artifact id: '904ba64e7d1231f3c05fd4a94aacf1fb') in 0.002485 seconds 
  Import took 0.008325 seconds .

========================================================================
Received Prepare
Registering precompiled user dll's ...
Registered in 0.006931 seconds.
Begin MonoManager ReloadAssembly
Native extension for WindowsStandalone target not found
Refreshing native plugins compatible for Editor in 0.64 ms, found 5 plugins.
Preloading 0 native plugins for Editor in 0.00 ms.
Mono: successfully reloaded assembly
- Completed reload, in  1.107 seconds
Domain Reload Profiling:
	ReloadAssembly (1108ms)
		BeginReloadAssembly (121ms)
			ExecutionOrderSort (0ms)
			DisableScriptedObjects (4ms)
			BackupInstance (0ms)
			ReleaseScriptingObjects (0ms)
			CreateAndSetChildDomain (41ms)
		EndReloadAssembly (915ms)
			LoadAssemblies (95ms)
			RebuildTransferFunctionScriptingTraits (0ms)
			SetupTypeCache (328ms)
			ReleaseScriptCaches (2ms)
			RebuildScriptCaches (42ms)
			SetupLoadedEditorAssemblies (341ms)
				LogAssemblyErrors (0ms)
				InitializePlatformSupportModulesInManaged (4ms)
				SetLoadedEditorAssemblies (0ms)
				RefreshPlugins (1ms)
				BeforeProcessingInitializeOnLoad (79ms)
				ProcessInitializeOnLoadAttributes (247ms)
				ProcessInitializeOnLoadMethodAttributes (4ms)
				AfterProcessingInitializeOnLoad (6ms)
				EditorAssembliesLoaded (0ms)
			ExecutionOrderSort2 (0ms)
			AwakeInstancesAfterBackupRestoration (9ms)
Platform modules already initialized, skipping
Shader 'Universal Render Pipeline/Particles/Lit': fallback shader 'Universal Render Pipeline/Particles/SimpleLit' not found
Refreshing native plugins compatible for Editor in 0.55 ms, found 5 plugins.
Preloading 0 native plugins for Editor in 0.00 ms.
Unloading 2946 Unused Serialized files (Serialized files now loaded: 0)
System memory in use before: 128.9 MB.
System memory in use after: 129.1 MB.

Unloading 30 unused Assets to reduce memory usage. Loaded Objects now: 3504.
Total: 4.018200 ms (FindLiveObjects: 0.352900 ms CreateObjectMapping: 0.199100 ms MarkObjects: 3.425100 ms  DeleteObjects: 0.038600 ms)

AssetImportParameters requested are different than current active one (requested -> active):
  custom:framework-win-MediaFoundation: 216162199b28c13a410421893ffa2e32 -> 
  custom:video-decoder-ogg-theora: a1e56fd34408186e4bbccfd4996cb3dc -> 
  custom:container-muxer-webm: aa71ff27fc2769a1b78a27578f13a17b -> 
  custom:container-demuxer-webm: 4f35f7cbe854078d1ac9338744f61a02 -> 
  custom:container-demuxer-ogg: 62fdf1f143b41e24485cea50d1cbac27 -> 
  custom:video-encoder-webm-vp8: eb34c28f22e8b96e1ab97ce403110664 -> 
  custom:video-decoder-webm-vp8: 9c59270c3fd7afecdb556c50c9e8de78 -> 
  custom:audio-decoder-ogg-vorbis: bf7c407c2cedff20999df2af8eb42d56 -> 
  custom:audio-encoder-webm-vorbis: bf7c407c2cedff20999df2af8eb42d56 -> 
